<?xml version="1.0" encoding="UTF-8"?>
<testsuite xmlns:xsi="http://www.w3.org/2001/XMLSchema-instance" xsi:noNamespaceSchemaLocation="https://maven.apache.org/surefire/maven-surefire-plugin/xsd/surefire-test-report-3.0.xsd" version="3.0" name="board.BoardTest" time="0.079" tests="11" errors="0" skipped="0" failures="0">
  <properties>
[...]
</properties>
  <testcase name="getValidMovesTest" classname="board.BoardTest" time="0.04"/>
  <testcase name="winPlayerTest" classname="board.BoardTest" time="0.004"/>
  <testcase name="getPieceType" classname="board.BoardTest" time="0.002"/>
  <testcase name="getPieceNumberTest" classname="board.BoardTest" time="0.001"/>
  <testcase name="getPiecePositionTest" classname="board.BoardTest" time="0.005"/>
  <testcase name="toStringTest" classname="board.BoardTest" time="0.002"/>
  <testcase name="positionPropertyTest" classname="board.BoardTest" time="0.001"/>
  <testcase name="isValidMoveTest" classname="board.BoardTest" time="0.002"/>
  <testcase name="getPieceCountTest" classname="board.BoardTest" time="0.001"/>
  <testcase name="getPiecePositionsTest" classname="board.BoardTest" time="0.001"/>
  <testcase name="isValidMoveTest_shouldThrowException" classname="board.BoardTest" time="0.004"/>
</testsuite>